<?xml version="1.0" encoding="UTF-8"?>
<!-- Generated by org.testng.reporters.JUnitReportReporter -->
<testsuite hostname="LAPTOP-UUN667PC" failures="0" tests="7" name="Api_Testing.TC_1" time="22.938" errors="0" timestamp="2 Apr 2022 10:01:40 GMT">
  <testcase classname="Api_Testing.TC_1" name="auth" time="5.608"/>
  <testcase classname="Api_Testing.TC_1" name="get" time="3.490"/>
  <testcase classname="Api_Testing.TC_1" name="xpatch" time="2.895"/>
  <testcase classname="Api_Testing.TC_1" name="put" time="1.582"/>
  <testcase classname="Api_Testing.TC_1" name="post" time="1.600"/>
  <testcase classname="Api_Testing.TC_1" name="getById" time="5.362"/>
  <testcase classname="Api_Testing.TC_1" name="ydelete" time="2.401"/>
</testsuite> <!-- Api_Testing.TC_1 -->
