<?xml version="1.0" encoding="UTF-8"?>
<!-- Generated by org.testng.reporters.JUnitReportReporter -->
<testsuite hostname="LAPTOP-UUN667PC" failures="0" tests="3" name="demo.personalloan" time="0.004" errors="0" timestamp="1 Apr 2022 06:44:18 GMT">
  <testcase classname="demo.personalloan" name="personalseleiumtesting" time="0.000"/>
  <testcase classname="demo.personalloan" name="personalmobiletesting" time="0.001"/>
  <testcase classname="demo.personalloan" name="personalapitesting" time="0.003"/>
</testsuite> <!-- demo.personalloan -->
