<?xml version="1.0" encoding="UTF-8"?>
<!-- Generated by org.testng.reporters.JUnitReportReporter -->
<testsuite hostname="LAPTOP-UUN667PC" failures="0" tests="3" name="demo.carloan" time="0.017" errors="0" timestamp="31 Mar 2022 06:55:23 GMT">
  <testcase classname="demo.carloan" name="carapitesting" time="0.013"/>
  <testcase classname="demo.carloan" name="carseleiumtesting" time="0.002"/>
  <testcase classname="demo.carloan" name="carmobiletesting" time="0.002"/>
</testsuite> <!-- demo.carloan -->
