<?xml version="1.0" encoding="UTF-8"?>
<!-- Generated by org.testng.reporters.JUnitReportReporter -->
<testsuite hostname="LAPTOP-UUN667PC" failures="0" tests="1" name="demo.bikeloan" time="0.006" errors="0" timestamp="2 Apr 2022 09:57:55 GMT">
  <testcase classname="demo.bikeloan" name="bikeseleiumtesting" time="0.006"/>
</testsuite> <!-- demo.bikeloan -->
