<?xml version="1.0" encoding="UTF-8"?>
<!-- Generated by org.testng.reporters.JUnitReportReporter -->
<testsuite hostname="LAPTOP-UUN667PC" name="demo.personalloan" tests="3" failures="0" timestamp="1 Apr 2022 06:43:42 GMT" time="0.001" errors="0">
  <testcase name="personalseleiumtesting" time="0.000" classname="demo.personalloan"/>
  <testcase name="personalmobiletesting" time="0.000" classname="demo.personalloan"/>
  <testcase name="personalapitesting" time="0.001" classname="demo.personalloan"/>
</testsuite> <!-- demo.personalloan -->
