<?xml version="1.0" encoding="UTF-8"?>
<!-- Generated by org.testng.reporters.JUnitReportReporter -->
<testsuite hostname="LAPTOP-UUN667PC" name="demo.bikeloan" tests="1" failures="0" timestamp="2 Apr 2022 06:27:36 GMT" time="0.000" errors="0">
  <testcase name="bikeseleiumtesting" time="0.000" classname="demo.bikeloan"/>
</testsuite> <!-- demo.bikeloan -->
